[0505/002239.662:ERROR:file_io_win.cc(163)] CreateFile C:\Program Files (x86)\Google\Chrome\settings.dat: Odmowa dostêpu. (0x5)
[0505/002246.169:ERROR:crashpad_client_win.cc(696)] WaitForSingleObject timed out
[0505/002246.169:ERROR:crashpad_win.cc(223)] Crashpad handler failed to start, crash reporting disabled
[0505/005055.435:ERROR:file_io_win.cc(163)] CreateFile C:\Program Files (x86)\Google\Chrome\settings.dat: Odmowa dostêpu. (0x5)
[0505/005055.540:ERROR:registration_protocol_win.cc(83)] TransactNamedPipe: Potok zosta³ zakoñczony. (0x6D)
[0505/005055.754:ERROR:crashpad_win.cc(223)] Crashpad handler failed to start, crash reporting disabled
[0505/005725.536:ERROR:file_io_win.cc(163)] CreateFile C:\Program Files (x86)\Google\Chrome\settings.dat: Odmowa dostêpu. (0x5)
[0505/005725.642:ERROR:registration_protocol_win.cc(83)] TransactNamedPipe: Potok zosta³ zakoñczony. (0x6D)
[0505/005725.857:ERROR:crashpad_win.cc(223)] Crashpad handler failed to start, crash reporting disabled
[0505/111454.981:ERROR:file_io_win.cc(163)] CreateFile C:\Program Files (x86)\Google\Chrome\settings.dat: Odmowa dostêpu. (0x5)
[0505/111455.115:ERROR:registration_protocol_win.cc(83)] TransactNamedPipe: Potok zosta³ zakoñczony. (0x6D)
[0505/111455.345:ERROR:crashpad_win.cc(223)] Crashpad handler failed to start, crash reporting disabled
[0505/112801.309:ERROR:file_io_win.cc(163)] CreateFile C:\Program Files (x86)\Google\Chrome\settings.dat: Odmowa dostêpu. (0x5)
[0505/112801.411:ERROR:registration_protocol_win.cc(83)] TransactNamedPipe: Potok zosta³ zakoñczony. (0x6D)
[0505/112801.411:ERROR:crashpad_win.cc(223)] Crashpad handler failed to start, crash reporting disabled
[0505/113844.029:ERROR:file_io_win.cc(163)] CreateFile C:\Program Files (x86)\Google\Chrome\settings.dat: Odmowa dostêpu. (0x5)
[0505/113844.142:ERROR:registration_protocol_win.cc(83)] TransactNamedPipe: Potok zosta³ zakoñczony. (0x6D)
[0505/113844.165:ERROR:crashpad_win.cc(223)] Crashpad handler failed to start, crash reporting disabled
[0505/114739.624:ERROR:file_io_win.cc(163)] CreateFile C:\Program Files (x86)\Google\Chrome\settings.dat: Odmowa dostêpu. (0x5)
[0505/114739.725:ERROR:registration_protocol_win.cc(83)] TransactNamedPipe: Potok zosta³ zakoñczony. (0x6D)
[0505/114739.944:ERROR:crashpad_win.cc(223)] Crashpad handler failed to start, crash reporting disabled
[0505/115620.672:ERROR:file_io_win.cc(163)] CreateFile C:\Program Files (x86)\Google\Chrome\settings.dat: Odmowa dostêpu. (0x5)
[0505/115620.739:ERROR:file_io_win.cc(163)] CreateFile C:\Program Files (x86)\Google\Chrome\settings.dat: Odmowa dostêpu. (0x5)
[0505/115620.747:ERROR:registration_protocol_win.cc(83)] TransactNamedPipe: Potok zosta³ zakoñczony. (0x6D)
[0505/115621.031:ERROR:crashpad_win.cc(223)] Crashpad handler failed to start, crash reporting disabled
[0505/115851.727:ERROR:file_io_win.cc(163)] CreateFile C:\Program Files (x86)\Google\Chrome\settings.dat: Odmowa dostêpu. (0x5)
[0505/115851.825:ERROR:registration_protocol_win.cc(83)] TransactNamedPipe: Potok zosta³ zakoñczony. (0x6D)
[0505/115852.020:ERROR:crashpad_win.cc(223)] Crashpad handler failed to start, crash reporting disabled
[0505/220700.992:ERROR:file_io_win.cc(163)] CreateFile C:\Program Files (x86)\Google\Chrome\settings.dat: Odmowa dostêpu. (0x5)
[0505/220701.092:ERROR:registration_protocol_win.cc(83)] TransactNamedPipe: Potok zosta³ zakoñczony. (0x6D)
[0505/220701.314:ERROR:crashpad_win.cc(223)] Crashpad handler failed to start, crash reporting disabled
[0505/220750.424:ERROR:file_io_win.cc(163)] CreateFile C:\Program Files (x86)\Google\Chrome\settings.dat: Odmowa dostêpu. (0x5)
[0505/220750.574:ERROR:registration_protocol_win.cc(83)] TransactNamedPipe: Potok zosta³ zakoñczony. (0x6D)
[0505/220750.575:ERROR:crashpad_win.cc(223)] Crashpad handler failed to start, crash reporting disabled
[0506/105929.926:ERROR:file_io_win.cc(163)] CreateFile C:\Program Files (x86)\Google\Chrome\settings.dat: Odmowa dostêpu. (0x5)
[0506/105930.033:ERROR:registration_protocol_win.cc(83)] TransactNamedPipe: Potok zosta³ zakoñczony. (0x6D)
[0506/105930.260:ERROR:crashpad_win.cc(223)] Crashpad handler failed to start, crash reporting disabled
[0508/090022.476:ERROR:file_io_win.cc(163)] CreateFile C:\Program Files (x86)\Google\Chrome\settings.dat: Odmowa dostêpu. (0x5)
[0508/090022.560:ERROR:registration_protocol_win.cc(83)] TransactNamedPipe: Potok zosta³ zakoñczony. (0x6D)
[0508/090022.828:ERROR:crashpad_win.cc(223)] Crashpad handler failed to start, crash reporting disabled
[0508/110104.139:ERROR:file_io_win.cc(163)] CreateFile C:\Program Files (x86)\Google\Chrome\settings.dat: Odmowa dostêpu. (0x5)
[0508/110104.224:ERROR:registration_protocol_win.cc(83)] TransactNamedPipe: Potok zosta³ zakoñczony. (0x6D)
[0508/110104.624:ERROR:crashpad_win.cc(223)] Crashpad handler failed to start, crash reporting disabled
[0508/141002.984:ERROR:file_io_win.cc(163)] CreateFile C:\Program Files (x86)\Google\Chrome\settings.dat: Odmowa dostêpu. (0x5)
[0508/141003.095:ERROR:registration_protocol_win.cc(83)] TransactNamedPipe: Potok zosta³ zakoñczony. (0x6D)
[0508/141003.499:ERROR:crashpad_win.cc(223)] Crashpad handler failed to start, crash reporting disabled
[0509/085136.871:ERROR:file_io_win.cc(163)] CreateFile C:\Program Files (x86)\Google\Chrome\settings.dat: Odmowa dostêpu. (0x5)
[0509/085136.971:ERROR:registration_protocol_win.cc(83)] TransactNamedPipe: Potok zosta³ zakoñczony. (0x6D)
[0509/085137.193:ERROR:crashpad_win.cc(223)] Crashpad handler failed to start, crash reporting disabled
[0510/084905.773:ERROR:file_io_win.cc(163)] CreateFile C:\Program Files (x86)\Google\Chrome\settings.dat: Odmowa dostêpu. (0x5)
[0510/084905.877:ERROR:registration_protocol_win.cc(83)] TransactNamedPipe: Potok zosta³ zakoñczony. (0x6D)
[0510/084906.123:ERROR:crashpad_win.cc(223)] Crashpad handler failed to start, crash reporting disabled
[0510/092900.259:ERROR:file_io_win.cc(163)] CreateFile C:\Program Files (x86)\Google\Chrome\settings.dat: Odmowa dostêpu. (0x5)
[0510/092900.351:ERROR:registration_protocol_win.cc(83)] TransactNamedPipe: Potok zosta³ zakoñczony. (0x6D)
[0510/092900.369:ERROR:crashpad_win.cc(223)] Crashpad handler failed to start, crash reporting disabled
[0510/171022.644:ERROR:file_io_win.cc(163)] CreateFile C:\Program Files (x86)\Google\Chrome\settings.dat: Odmowa dostêpu. (0x5)
[0510/171022.731:ERROR:registration_protocol_win.cc(83)] TransactNamedPipe: Potok zosta³ zakoñczony. (0x6D)
[0510/171023.004:ERROR:crashpad_win.cc(223)] Crashpad handler failed to start, crash reporting disabled
[0511/115712.253:ERROR:file_io_win.cc(163)] CreateFile C:\Program Files (x86)\Google\Chrome\settings.dat: Odmowa dostêpu. (0x5)
[0511/115712.352:ERROR:registration_protocol_win.cc(83)] TransactNamedPipe: Potok zosta³ zakoñczony. (0x6D)
[0511/115712.585:ERROR:crashpad_win.cc(223)] Crashpad handler failed to start, crash reporting disabled
[0511/123211.481:ERROR:file_io_win.cc(163)] CreateFile C:\Program Files (x86)\Google\Chrome\settings.dat: Odmowa dostêpu. (0x5)
[0511/123211.581:ERROR:registration_protocol_win.cc(83)] TransactNamedPipe: Potok zosta³ zakoñczony. (0x6D)
[0511/123211.581:ERROR:crashpad_win.cc(223)] Crashpad handler failed to start, crash reporting disabled
[0511/124032.613:ERROR:file_io_win.cc(163)] CreateFile C:\Program Files (x86)\Google\Chrome\settings.dat: Odmowa dostêpu. (0x5)
[0511/124032.698:ERROR:registration_protocol_win.cc(60)] WaitNamedPipe: Nie mo¿na odnaleŸæ okreœlonego pliku. (0x2)
[0511/124032.698:ERROR:crashpad_win.cc(223)] Crashpad handler failed to start, crash reporting disabled
[0523/182125.553:ERROR:file_io_win.cc(163)] CreateFile C:\Program Files (x86)\Google\Chrome\settings.dat: Odmowa dostêpu. (0x5)
[0523/182125.635:ERROR:registration_protocol_win.cc(83)] TransactNamedPipe: Potok zosta³ zakoñczony. (0x6D)
[0523/182125.889:ERROR:crashpad_win.cc(223)] Crashpad handler failed to start, crash reporting disabled
[0619/110521.742:ERROR:file_io_win.cc(163)] CreateFile C:\Program Files (x86)\Google\Chrome\settings.dat: Odmowa dostêpu. (0x5)
[0619/110521.844:ERROR:registration_protocol_win.cc(83)] TransactNamedPipe: Potok zosta³ zakoñczony. (0x6D)
[0619/110522.121:ERROR:crashpad_win.cc(223)] Crashpad handler failed to start, crash reporting disabled
[0620/164148.224:ERROR:file_io_win.cc(163)] CreateFile C:\Program Files (x86)\Google\Chrome\settings.dat: Odmowa dostêpu. (0x5)
[0620/164148.317:ERROR:registration_protocol_win.cc(83)] TransactNamedPipe: Potok zosta³ zakoñczony. (0x6D)
[0620/164148.566:ERROR:crashpad_win.cc(223)] Crashpad handler failed to start, crash reporting disabled
[0621/075033.168:ERROR:file_io_win.cc(163)] CreateFile C:\Program Files (x86)\Google\Chrome\settings.dat: Odmowa dostêpu. (0x5)
[0621/075033.277:ERROR:registration_protocol_win.cc(83)] TransactNamedPipe: Potok zosta³ zakoñczony. (0x6D)
[0621/075033.533:ERROR:crashpad_win.cc(223)] Crashpad handler failed to start, crash reporting disabled
[0622/083539.774:ERROR:file_io_win.cc(163)] CreateFile C:\Program Files (x86)\Google\Chrome\settings.dat: Odmowa dostêpu. (0x5)
[0622/083539.896:ERROR:registration_protocol_win.cc(83)] TransactNamedPipe: Potok zosta³ zakoñczony. (0x6D)
[0622/083539.896:ERROR:crashpad_win.cc(223)] Crashpad handler failed to start, crash reporting disabled
[0623/162013.662:ERROR:file_io_win.cc(163)] CreateFile C:\Program Files (x86)\Google\Chrome\settings.dat: Odmowa dostêpu. (0x5)
[0623/162013.760:ERROR:registration_protocol_win.cc(83)] TransactNamedPipe: Potok zosta³ zakoñczony. (0x6D)
[0623/162014.029:ERROR:crashpad_win.cc(223)] Crashpad handler failed to start, crash reporting disabled
